0.01135
0.01601
0.02363
0.02881
0.03152
0.04403
0.05973
0.09678
0.11501
0.16164
0.19995
0.25385
0.31346
0.36721
0.41629
0.45308
0.50149
0.55372
0.5871
0.60781
0.63383
0.65825
0.68196
0.71391
0.72341
0.72802
0.74738
0.74898
0.76437
0.76462
0.77748
0.79464
0.79294
0.80086
0.80235
0.8002
0.79401
0.80156
0.818
0.814
0.81202
0.81568
0.81737
0.81598
0.81343
0.81547
0.82519
0.81683
0.82104
0.81497
0.81687
0.81863
0.81292
0.82247
0.82355
0.83017
0.82779
0.82426
0.82594
0.833
0.82349
0.82882
0.83583
0.82443
0.83276
0.83788
0.83516
0.83192
0.83403
0.83721
0.83586
0.82752
0.83964
0.83554
0.83959
0.83086
0.83623
0.83815
0.83481
0.83409
0.82846
0.83936
0.83794
0.83969
0.84256
0.83742
0.83504
0.84796
0.84059
0.85406
0.84296
0.84682
0.83864
0.84762
0.83993
0.845
0.84884
0.84151
0.83955
0.84055
0.84744
0.84268
0.84146
0.84264
0.85016
0.84779
0.84017
0.84324
0.85002
0.85428
0.85375
0.84497
0.84587
0.84763
0.84092
0.84364
0.84642
0.84661
0.84717
0.84514
0.8453
0.83948
0.84478
0.84698
0.84033
0.84402
0.84577
0.85386
0.84286
0.84725
0.84329
0.84387
0.8431
0.8329
0.84216
0.84271
0.83868
0.84142
0.84497
0.85025
0.84003
0.83997
0.84004
0.84408
0.84361
0.84815
0.84163
0.84715
0.84184
0.84733
