0.01317
0.01365
0.0226
0.02592
0.02871
0.04511
0.04666
0.05285
0.09576
0.13504
0.15263
0.19176
0.23671
0.28804
0.31563
0.3784
0.42681
0.46663
0.48313
0.53602
0.55801
0.57369
0.59392
0.61398
0.65397
0.6551
0.67698
0.69273
0.70722
0.7038
0.71088
0.73606
0.75112
0.75158
0.75221
0.76097
0.76752
0.76454
0.7692
0.77163
0.77755
0.78508
0.78436
0.77953
0.79109
0.79605
0.79139
0.79823
0.79745
0.7987
0.79497
0.80949
0.80636
0.80879
0.79978
0.79951
0.80053
0.81024
0.80543
0.80696
0.80751
0.80868
0.81337
0.80651
0.80773
0.80193
0.80243
0.81078
0.80808
0.81369
0.81442
0.80441
0.81179
0.80988
0.81373
0.80636
0.80406
0.80758
0.82286
0.82619
0.82999
0.8195
0.818
0.81857
0.81776
0.82104
0.82211
0.81893
0.81862
0.81479
0.81916
0.81969
0.8296
0.83796
0.83032
0.82345
0.82401
0.82569
0.82046
0.83393
0.83372
0.82965
0.8229
0.82828
0.82082
0.82709
0.82117
0.83358
0.84589
0.83371
0.83888
0.8219
0.83205
0.83111
0.83888
0.82654
0.82007
0.83424
0.83691
0.83816
0.83918
0.8297
0.8382
0.82846
0.8273
0.84062
0.82761
0.83312
0.83581
0.83866
0.82357
0.83152
0.8304
0.83415
0.82937
0.83012
0.83422
0.83295
0.83693
0.83544
0.81861
0.83844
0.83792
0.83245
0.83863
0.83825
0.83916
0.83749
0.84465
0.83632
