0.01136
0.01482
0.02962
0.03585
0.04966
0.07506
0.08997
0.13901
0.17725
0.23205
0.28833
0.34571
0.42011
0.48211
0.51467
0.53287
0.57285
0.61472
0.63217
0.66322
0.69427
0.71097
0.71606
0.73414
0.74763
0.76157
0.77259
0.77358
0.7863
0.79771
0.80424
0.81172
0.81711
0.81991
0.81904
0.82311
0.82352
0.83325
0.83192
0.83518
0.83661
0.83468
0.83284
0.84343
0.83404
0.84141
0.84796
0.8457
0.84103
0.84432
0.85017
0.84552
0.8418
0.83977
0.84246
0.84744
0.83945
0.85603
0.84316
0.8452
0.84037
0.84952
0.84735
0.85441
0.8506
0.84519
0.85258
0.85195
0.85076
0.84888
0.8489
0.84642
0.85853
0.86111
0.85537
0.86048
0.85392
0.85303
0.8602
0.86151
0.85778
0.86278
0.85694
0.86206
0.8626
0.85473
0.8652
0.86144
0.86513
0.85661
0.86187
0.86474
0.86903
0.86872
0.86148
0.86334
0.86531
0.85994
0.86167
0.86335
0.86769
0.86658
0.85869
0.8659
0.86832
0.86574
0.8637
0.86117
0.86564
0.86015
0.87085
0.86407
0.86198
0.86741
0.86579
0.86746
0.86148
0.8642
0.8615
0.86484
0.86329
0.86366
0.85895
0.86012
0.86428
0.86511
0.86663
0.86248
0.86402
0.87065
0.86771
0.86131
0.86783
0.86774
0.86171
0.86132
0.86138
0.86519
0.86888
0.86152
0.85848
0.85621
0.86792
0.86419
0.8613
0.86038
0.86276
0.8728
0.8613
0.86373
