0.02576
0.0259
0.02653
0.0285
0.02579
0.02617
0.02666
0.03044
0.02889
0.04594
0.05573
0.07951
0.08097
0.09417
0.10866
0.13579
0.10865
0.15129
0.13831
0.14899
0.19616
0.21983
0.26188
0.23898
0.25034
0.28336
0.31955
0.3158
0.3188
0.36631
0.37635
0.4205
0.38949
0.458
0.48044
0.45148
0.51649
0.53715
0.54486
0.55411
0.55497
0.60156
0.62644
0.62504
0.6438
0.65421
0.64059
0.68212
0.66486
0.70044
0.69982
0.7076
0.69601
0.73063
0.71853
0.73809
0.74111
0.74958
0.75769
0.7591
0.74788
0.76201
0.76773
0.78222
0.77756
0.76446
0.77359
0.79468
0.77893
0.80088
0.79846
0.79691
0.8036
0.80143
0.80742
0.80465
0.81167
0.79384
0.81159
0.8138
0.8203
0.80181
0.82356
0.81896
0.80675
0.79242
0.81746
0.81338
0.80289
0.82091
0.81691
0.82462
0.82456
0.82682
0.82162
0.81408
0.8275
0.8177
0.82796
0.83241
0.82736
0.82383
0.82108
0.83789
0.82242
0.82353
0.82736
0.83636
0.83594
0.83452
0.82807
0.83319
0.84074
0.81623
0.82748
0.83301
0.82979
0.8262
0.84617
0.84193
0.84478
0.83284
0.84266
0.83475
0.83519
0.83444
0.82713
0.83836
0.83732
0.84523
0.83903
0.84764
0.83869
0.84626
0.8274
0.83941
0.8327
0.83728
0.84774
0.8468
0.84954
0.83445
0.8317
0.85264
0.84259
0.8406
0.84206
0.85176
0.8565
0.84796
0.83809
0.83734
0.85616
0.84626
0.8339
0.83875
0.02583
0.02867
0.05204
0.04894
0.05298
0.09373
0.07098
0.07721
0.08542
0.10699
0.1044
0.13114
0.11587
0.13571
0.13818
0.15844
0.16268
0.18231
0.20474
0.19203
0.24473
0.24265
0.24883
0.26466
0.28259
0.29843
0.29937
0.33366
0.30922
0.34832
0.37176
0.38237
0.3847
0.38699
0.41728
0.4339
0.43487
0.45299
0.46096
0.45992
0.48153
0.50397
0.51255
0.51056
0.5121
0.52368
0.5371
0.53526
0.54408
0.55482
0.56855
0.56137
0.57636
0.57981
0.58945
0.57738
0.60008
0.60213
0.61566
0.61213
0.61071
0.61242
0.62252
0.6243
0.63348
0.63669
0.63349
0.63783
0.63614
0.64264
0.64442
0.64353
0.64709
0.63114
0.65078
0.64682
0.64444
0.65794
0.64895
0.64848
0.63686
0.65901
0.6527
0.64353
0.65041
0.65591
0.64571
0.65089
0.65877
0.65738
0.65464
0.64522
0.65778
0.65985
0.6714
0.6515
0.66018
0.66267
0.65553
0.65681
0.65835
0.66127
0.63733
0.66864
0.65546
0.65915
0.65583
0.666
0.67233
0.66629
0.64784
0.66715
0.66597
0.66143
0.67083
0.65463
0.66849
0.66584
0.66638
0.66811
0.66547
0.66131
0.67708
0.67257
0.67438
0.66789
0.65283
0.66808
0.67519
0.6719
0.66456
0.67001
0.66477
0.67214
0.67562
0.67013
0.67594
0.66725
0.67417
0.66603
0.66869
0.67074
0.6679
0.6763
0.66977
0.66459
0.66591
0.66683
0.67043
0.67298
