0.04961
0.03186
0.03347
0.05497
0.05576
0.05576
0.05576
0.05075
0.0424
0.04948
0.04946
0.03393
0.03831
0.04606
0.05453
0.03769
0.03808
0.03644
0.03165
0.03549
0.03454
0.0503
0.05565
0.05559
0.03897
0.04028
0.04801
0.05225
0.04997
0.05664
0.05575
0.05568
0.0527
0.03897
0.05096
0.05569
0.04805
0.04889
0.04843
0.05568
0.05576
0.05576
0.05576
0.05576
0.05576
0.05576
0.05576
0.05581
0.05251
0.04399
0.03581
0.04556
0.04374
0.04969
0.0523
0.04041
0.05614
0.05531
0.05546
0.05585
0.05444
0.05144
0.05151
0.05183
0.04563
0.04191
0.04514
0.04942
0.04723
0.03182
0.04977
0.02931
0.0293
